[0.006s] Invoking command in '/home/papinwit/nucrobot_ws/build/nuc_collector': CMAKE_PREFIX_PATH=${CMAKE_PREFIX_PATH}:/home/papinwit/fun3_ws/install/py_srvcli:/opt/ros/humble /usr/bin/cmake /home/papinwit/nucrobot_ws/src/nuc_collector -DCMAKE_INSTALL_PREFIX=/home/papinwit/nucrobot_ws/install/nuc_collector
[0.061s] -- The C compiler identification is GNU 11.4.0
[0.114s] -- The CXX compiler identification is GNU 11.4.0
[0.121s] -- Detecting C compiler ABI info
[0.188s] -- Detecting C compiler ABI info - done
[0.193s] -- Check for working C compiler: /usr/bin/cc - skipped
[0.194s] -- Detecting C compile features
[0.194s] -- Detecting C compile features - done
[0.196s] -- Detecting CXX compiler ABI info
[0.247s] -- Detecting CXX compiler ABI info - done
[0.251s] -- Check for working CXX compiler: /usr/bin/c++ - skipped
[0.251s] -- Detecting CXX compile features
[0.251s] -- Detecting CXX compile features - done
[0.256s] -- Found ament_cmake: 1.3.10 (/opt/ros/humble/share/ament_cmake/cmake)
[0.365s] -- Found Python3: /usr/bin/python3 (found version "3.10.12") found components: Interpreter 
[0.451s] -- Found rclcpp: 16.0.10 (/opt/ros/humble/share/rclcpp/cmake)
[0.502s] -- Found rosidl_generator_c: 3.1.5 (/opt/ros/humble/share/rosidl_generator_c/cmake)
[0.507s] -- Found rosidl_adapter: 3.1.5 (/opt/ros/humble/share/rosidl_adapter/cmake)
[0.518s] -- Found rosidl_generator_cpp: 3.1.5 (/opt/ros/humble/share/rosidl_generator_cpp/cmake)
[0.532s] -- Using all available rosidl_typesupport_c: rosidl_typesupport_fastrtps_c;rosidl_typesupport_introspection_c
[0.549s] -- Using all available rosidl_typesupport_cpp: rosidl_typesupport_fastrtps_cpp;rosidl_typesupport_introspection_cpp
[0.598s] -- Found rmw_implementation_cmake: 6.1.2 (/opt/ros/humble/share/rmw_implementation_cmake/cmake)
[0.602s] -- Found rmw_fastrtps_cpp: 6.2.7 (/opt/ros/humble/share/rmw_fastrtps_cpp/cmake)
[0.683s] -- Found OpenSSL: /usr/lib/x86_64-linux-gnu/libcrypto.so (found version "3.0.2")  
[0.705s] -- Found FastRTPS: /opt/ros/humble/include  
[0.731s] -- Using RMW implementation 'rmw_fastrtps_cpp' as default
[0.740s] -- Looking for pthread.h
[0.790s] -- Looking for pthread.h - found
[0.791s] -- Performing Test CMAKE_HAVE_LIBC_PTHREAD
[0.840s] -- Performing Test CMAKE_HAVE_LIBC_PTHREAD - Success
[0.841s] -- Found Threads: TRUE  
[0.896s] -- Found rclpy: 3.3.14 (/opt/ros/humble/share/rclpy/cmake)
[0.999s] -- Configuring done
[1.003s] -- Generating done
[1.004s] -- Build files have been written to: /home/papinwit/nucrobot_ws/build/nuc_collector
[1.010s] Invoked command in '/home/papinwit/nucrobot_ws/build/nuc_collector' returned '0': CMAKE_PREFIX_PATH=${CMAKE_PREFIX_PATH}:/home/papinwit/fun3_ws/install/py_srvcli:/opt/ros/humble /usr/bin/cmake /home/papinwit/nucrobot_ws/src/nuc_collector -DCMAKE_INSTALL_PREFIX=/home/papinwit/nucrobot_ws/install/nuc_collector
[1.011s] Invoking command in '/home/papinwit/nucrobot_ws/build/nuc_collector': CMAKE_PREFIX_PATH=${CMAKE_PREFIX_PATH}:/home/papinwit/fun3_ws/install/py_srvcli:/opt/ros/humble /usr/bin/cmake --build /home/papinwit/nucrobot_ws/build/nuc_collector -- -j20 -l20
[1.047s] [ 50%] [32mBuilding CXX object CMakeFiles/cpp_node_test.dir/src/cpp_node.cpp.o[0m
[1.049s] [ 50%] Built target ament_cmake_python_copy_nuc_collector
[1.196s] [100%] [32m[1mLinking CXX executable cpp_node_test[0m
[1.210s] running egg_info
[1.210s] creating nuc_collector.egg-info
[1.210s] writing nuc_collector.egg-info/PKG-INFO
[1.210s] writing dependency_links to nuc_collector.egg-info/dependency_links.txt
[1.210s] writing top-level names to nuc_collector.egg-info/top_level.txt
[1.210s] writing manifest file 'nuc_collector.egg-info/SOURCES.txt'
[1.213s] reading manifest file 'nuc_collector.egg-info/SOURCES.txt'
[1.213s] writing manifest file 'nuc_collector.egg-info/SOURCES.txt'
[1.230s] [100%] Built target ament_cmake_python_build_nuc_collector_egg
[1.256s] [100%] Built target cpp_node_test
[1.264s] Invoked command in '/home/papinwit/nucrobot_ws/build/nuc_collector' returned '0': CMAKE_PREFIX_PATH=${CMAKE_PREFIX_PATH}:/home/papinwit/fun3_ws/install/py_srvcli:/opt/ros/humble /usr/bin/cmake --build /home/papinwit/nucrobot_ws/build/nuc_collector -- -j20 -l20
[1.292s] Invoking command in '/home/papinwit/nucrobot_ws/build/nuc_collector': CMAKE_PREFIX_PATH=${CMAKE_PREFIX_PATH}:/home/papinwit/fun3_ws/install/py_srvcli:/opt/ros/humble /usr/bin/cmake --install /home/papinwit/nucrobot_ws/build/nuc_collector
[1.298s] -- Install configuration: ""
[1.298s] -- Installing: /home/papinwit/nucrobot_ws/install/nuc_collector/share/nuc_collector/environment/pythonpath.sh
[1.298s] -- Installing: /home/papinwit/nucrobot_ws/install/nuc_collector/share/nuc_collector/environment/pythonpath.dsv
[1.298s] -- Installing: /home/papinwit/nucrobot_ws/install/nuc_collector/local/lib/python3.10/dist-packages/nuc_collector-0.0.0-py3.10.egg-info
[1.298s] -- Installing: /home/papinwit/nucrobot_ws/install/nuc_collector/local/lib/python3.10/dist-packages/nuc_collector-0.0.0-py3.10.egg-info/top_level.txt
[1.298s] -- Installing: /home/papinwit/nucrobot_ws/install/nuc_collector/local/lib/python3.10/dist-packages/nuc_collector-0.0.0-py3.10.egg-info/PKG-INFO
[1.298s] -- Installing: /home/papinwit/nucrobot_ws/install/nuc_collector/local/lib/python3.10/dist-packages/nuc_collector-0.0.0-py3.10.egg-info/SOURCES.txt
[1.298s] -- Installing: /home/papinwit/nucrobot_ws/install/nuc_collector/local/lib/python3.10/dist-packages/nuc_collector-0.0.0-py3.10.egg-info/dependency_links.txt
[1.298s] -- Installing: /home/papinwit/nucrobot_ws/install/nuc_collector/local/lib/python3.10/dist-packages/nuc_collector
[1.298s] -- Installing: /home/papinwit/nucrobot_ws/install/nuc_collector/local/lib/python3.10/dist-packages/nuc_collector/__init__.py
[1.298s] -- Installing: /home/papinwit/nucrobot_ws/install/nuc_collector/local/lib/python3.10/dist-packages/nuc_collector/dummy_module.py
[1.326s] Listing '/home/papinwit/nucrobot_ws/install/nuc_collector/local/lib/python3.10/dist-packages/nuc_collector'...
[1.326s] Compiling '/home/papinwit/nucrobot_ws/install/nuc_collector/local/lib/python3.10/dist-packages/nuc_collector/__init__.py'...
[1.326s] Compiling '/home/papinwit/nucrobot_ws/install/nuc_collector/local/lib/python3.10/dist-packages/nuc_collector/dummy_module.py'...
[1.329s] -- Installing: /home/papinwit/nucrobot_ws/install/nuc_collector/lib/nuc_collector/dummy_script.py
[1.329s] -- Installing: /home/papinwit/nucrobot_ws/install/nuc_collector/lib/nuc_collector/cpp_node_test
[1.329s] -- Set runtime path of "/home/papinwit/nucrobot_ws/install/nuc_collector/lib/nuc_collector/cpp_node_test" to ""
[1.329s] -- Up-to-date: /home/papinwit/nucrobot_ws/install/nuc_collector/share/nuc_collector
[1.329s] -- Installing: /home/papinwit/nucrobot_ws/install/nuc_collector/share/ament_index/resource_index/package_run_dependencies/nuc_collector
[1.329s] -- Installing: /home/papinwit/nucrobot_ws/install/nuc_collector/share/ament_index/resource_index/parent_prefix_path/nuc_collector
[1.329s] -- Installing: /home/papinwit/nucrobot_ws/install/nuc_collector/share/nuc_collector/environment/ament_prefix_path.sh
[1.329s] -- Installing: /home/papinwit/nucrobot_ws/install/nuc_collector/share/nuc_collector/environment/ament_prefix_path.dsv
[1.329s] -- Installing: /home/papinwit/nucrobot_ws/install/nuc_collector/share/nuc_collector/environment/path.sh
[1.329s] -- Installing: /home/papinwit/nucrobot_ws/install/nuc_collector/share/nuc_collector/environment/path.dsv
[1.329s] -- Installing: /home/papinwit/nucrobot_ws/install/nuc_collector/share/nuc_collector/local_setup.bash
[1.329s] -- Installing: /home/papinwit/nucrobot_ws/install/nuc_collector/share/nuc_collector/local_setup.sh
[1.329s] -- Installing: /home/papinwit/nucrobot_ws/install/nuc_collector/share/nuc_collector/local_setup.zsh
[1.329s] -- Installing: /home/papinwit/nucrobot_ws/install/nuc_collector/share/nuc_collector/local_setup.dsv
[1.329s] -- Installing: /home/papinwit/nucrobot_ws/install/nuc_collector/share/nuc_collector/package.dsv
[1.329s] -- Installing: /home/papinwit/nucrobot_ws/install/nuc_collector/share/ament_index/resource_index/packages/nuc_collector
[1.330s] -- Installing: /home/papinwit/nucrobot_ws/install/nuc_collector/share/nuc_collector/cmake/nuc_collectorConfig.cmake
[1.330s] -- Installing: /home/papinwit/nucrobot_ws/install/nuc_collector/share/nuc_collector/cmake/nuc_collectorConfig-version.cmake
[1.330s] -- Installing: /home/papinwit/nucrobot_ws/install/nuc_collector/share/nuc_collector/package.xml
[1.331s] Invoked command in '/home/papinwit/nucrobot_ws/build/nuc_collector' returned '0': CMAKE_PREFIX_PATH=${CMAKE_PREFIX_PATH}:/home/papinwit/fun3_ws/install/py_srvcli:/opt/ros/humble /usr/bin/cmake --install /home/papinwit/nucrobot_ws/build/nuc_collector
